[2021-03-22 04:07:49] local.ERROR: There are no commands defined in the "route" namespace. {"exception":"[object] (Symfony\\Component\\Console\\Exception\\NamespaceNotFoundException(code: 0): There are no commands defined in the \"route\" namespace. at /home/fauzil/Lumen/LumenCRUD/vendor/symfony/console/Application.php:605)
[stacktrace]
#0 /home/fauzil/Lumen/LumenCRUD/vendor/symfony/console/Application.php(656): Symfony\\Component\\Console\\Application->findNamespace()
#1 /home/fauzil/Lumen/LumenCRUD/vendor/symfony/console/Application.php(254): Symfony\\Component\\Console\\Application->find()
#2 /home/fauzil/Lumen/LumenCRUD/vendor/symfony/console/Application.php(166): Symfony\\Component\\Console\\Application->doRun()
#3 /home/fauzil/Lumen/LumenCRUD/vendor/illuminate/console/Application.php(92): Symfony\\Component\\Console\\Application->run()
#4 /home/fauzil/Lumen/LumenCRUD/vendor/laravel/lumen-framework/src/Console/Kernel.php(116): Illuminate\\Console\\Application->run()
#5 /home/fauzil/Lumen/LumenCRUD/artisan(35): Laravel\\Lumen\\Console\\Kernel->handle()
#6 {main}
"} 
[2021-03-22 04:09:25] local.ERROR: symlink(): File exists {"exception":"[object] (ErrorException(code: 0): symlink(): File exists at /home/fauzil/Lumen/LumenCRUD/vendor/illuminate/filesystem/Filesystem.php:315)
[stacktrace]
#0 [internal function]: Laravel\\Lumen\\Application->Laravel\\Lumen\\Concerns\\{closure}()
#1 /home/fauzil/Lumen/LumenCRUD/vendor/illuminate/filesystem/Filesystem.php(315): symlink()
#2 /home/fauzil/Lumen/LumenCRUD/routes/web.php(26): Illuminate\\Filesystem\\Filesystem->link()
#3 /home/fauzil/Lumen/LumenCRUD/vendor/illuminate/container/BoundMethod.php(36): Closure->{closure}()
#4 /home/fauzil/Lumen/LumenCRUD/vendor/illuminate/container/Util.php(40): Illuminate\\Container\\BoundMethod::Illuminate\\Container\\{closure}()
#5 /home/fauzil/Lumen/LumenCRUD/vendor/illuminate/container/BoundMethod.php(81): Illuminate\\Container\\Util::unwrapIfClosure()
#6 /home/fauzil/Lumen/LumenCRUD/vendor/illuminate/container/BoundMethod.php(37): Illuminate\\Container\\BoundMethod::callBoundMethod()
#7 /home/fauzil/Lumen/LumenCRUD/vendor/illuminate/container/Container.php(611): Illuminate\\Container\\BoundMethod::call()
#8 /home/fauzil/Lumen/LumenCRUD/vendor/laravel/lumen-framework/src/Concerns/RoutesRequests.php(299): Illuminate\\Container\\Container->call()
#9 /home/fauzil/Lumen/LumenCRUD/vendor/laravel/lumen-framework/src/Concerns/RoutesRequests.php(264): Laravel\\Lumen\\Application->callActionOnArrayBasedRoute()
#10 /home/fauzil/Lumen/LumenCRUD/vendor/laravel/lumen-framework/src/Concerns/RoutesRequests.php(166): Laravel\\Lumen\\Application->handleFoundRoute()
#11 /home/fauzil/Lumen/LumenCRUD/vendor/laravel/lumen-framework/src/Concerns/RoutesRequests.php(426): Laravel\\Lumen\\Application->Laravel\\Lumen\\Concerns\\{closure}()
#12 /home/fauzil/Lumen/LumenCRUD/vendor/laravel/lumen-framework/src/Concerns/RoutesRequests.php(172): Laravel\\Lumen\\Application->sendThroughPipeline()
#13 /home/fauzil/Lumen/LumenCRUD/vendor/laravel/lumen-framework/src/Concerns/RoutesRequests.php(109): Laravel\\Lumen\\Application->dispatch()
#14 /home/fauzil/Lumen/LumenCRUD/public/index.php(28): Laravel\\Lumen\\Application->run()
#15 {main}
"} 
[2021-03-22 04:10:04] local.ERROR: symlink(): File exists {"exception":"[object] (ErrorException(code: 0): symlink(): File exists at /home/fauzil/Lumen/LumenCRUD/vendor/illuminate/filesystem/Filesystem.php:315)
[stacktrace]
#0 [internal function]: Laravel\\Lumen\\Application->Laravel\\Lumen\\Concerns\\{closure}()
#1 /home/fauzil/Lumen/LumenCRUD/vendor/illuminate/filesystem/Filesystem.php(315): symlink()
#2 /home/fauzil/Lumen/LumenCRUD/routes/web.php(26): Illuminate\\Filesystem\\Filesystem->link()
#3 /home/fauzil/Lumen/LumenCRUD/vendor/illuminate/container/BoundMethod.php(36): Closure->{closure}()
#4 /home/fauzil/Lumen/LumenCRUD/vendor/illuminate/container/Util.php(40): Illuminate\\Container\\BoundMethod::Illuminate\\Container\\{closure}()
#5 /home/fauzil/Lumen/LumenCRUD/vendor/illuminate/container/BoundMethod.php(81): Illuminate\\Container\\Util::unwrapIfClosure()
#6 /home/fauzil/Lumen/LumenCRUD/vendor/illuminate/container/BoundMethod.php(37): Illuminate\\Container\\BoundMethod::callBoundMethod()
#7 /home/fauzil/Lumen/LumenCRUD/vendor/illuminate/container/Container.php(611): Illuminate\\Container\\BoundMethod::call()
#8 /home/fauzil/Lumen/LumenCRUD/vendor/laravel/lumen-framework/src/Concerns/RoutesRequests.php(299): Illuminate\\Container\\Container->call()
#9 /home/fauzil/Lumen/LumenCRUD/vendor/laravel/lumen-framework/src/Concerns/RoutesRequests.php(264): Laravel\\Lumen\\Application->callActionOnArrayBasedRoute()
#10 /home/fauzil/Lumen/LumenCRUD/vendor/laravel/lumen-framework/src/Concerns/RoutesRequests.php(166): Laravel\\Lumen\\Application->handleFoundRoute()
#11 /home/fauzil/Lumen/LumenCRUD/vendor/laravel/lumen-framework/src/Concerns/RoutesRequests.php(426): Laravel\\Lumen\\Application->Laravel\\Lumen\\Concerns\\{closure}()
#12 /home/fauzil/Lumen/LumenCRUD/vendor/laravel/lumen-framework/src/Concerns/RoutesRequests.php(172): Laravel\\Lumen\\Application->sendThroughPipeline()
#13 /home/fauzil/Lumen/LumenCRUD/vendor/laravel/lumen-framework/src/Concerns/RoutesRequests.php(109): Laravel\\Lumen\\Application->dispatch()
#14 /home/fauzil/Lumen/LumenCRUD/public/index.php(28): Laravel\\Lumen\\Application->run()
#15 {main}
"} 
[2021-03-22 04:10:06] local.ERROR: symlink(): File exists {"exception":"[object] (ErrorException(code: 0): symlink(): File exists at /home/fauzil/Lumen/LumenCRUD/vendor/illuminate/filesystem/Filesystem.php:315)
[stacktrace]
#0 [internal function]: Laravel\\Lumen\\Application->Laravel\\Lumen\\Concerns\\{closure}()
#1 /home/fauzil/Lumen/LumenCRUD/vendor/illuminate/filesystem/Filesystem.php(315): symlink()
#2 /home/fauzil/Lumen/LumenCRUD/routes/web.php(26): Illuminate\\Filesystem\\Filesystem->link()
#3 /home/fauzil/Lumen/LumenCRUD/vendor/illuminate/container/BoundMethod.php(36): Closure->{closure}()
#4 /home/fauzil/Lumen/LumenCRUD/vendor/illuminate/container/Util.php(40): Illuminate\\Container\\BoundMethod::Illuminate\\Container\\{closure}()
#5 /home/fauzil/Lumen/LumenCRUD/vendor/illuminate/container/BoundMethod.php(81): Illuminate\\Container\\Util::unwrapIfClosure()
#6 /home/fauzil/Lumen/LumenCRUD/vendor/illuminate/container/BoundMethod.php(37): Illuminate\\Container\\BoundMethod::callBoundMethod()
#7 /home/fauzil/Lumen/LumenCRUD/vendor/illuminate/container/Container.php(611): Illuminate\\Container\\BoundMethod::call()
#8 /home/fauzil/Lumen/LumenCRUD/vendor/laravel/lumen-framework/src/Concerns/RoutesRequests.php(299): Illuminate\\Container\\Container->call()
#9 /home/fauzil/Lumen/LumenCRUD/vendor/laravel/lumen-framework/src/Concerns/RoutesRequests.php(264): Laravel\\Lumen\\Application->callActionOnArrayBasedRoute()
#10 /home/fauzil/Lumen/LumenCRUD/vendor/laravel/lumen-framework/src/Concerns/RoutesRequests.php(166): Laravel\\Lumen\\Application->handleFoundRoute()
#11 /home/fauzil/Lumen/LumenCRUD/vendor/laravel/lumen-framework/src/Concerns/RoutesRequests.php(426): Laravel\\Lumen\\Application->Laravel\\Lumen\\Concerns\\{closure}()
#12 /home/fauzil/Lumen/LumenCRUD/vendor/laravel/lumen-framework/src/Concerns/RoutesRequests.php(172): Laravel\\Lumen\\Application->sendThroughPipeline()
#13 /home/fauzil/Lumen/LumenCRUD/vendor/laravel/lumen-framework/src/Concerns/RoutesRequests.php(109): Laravel\\Lumen\\Application->dispatch()
#14 /home/fauzil/Lumen/LumenCRUD/public/index.php(28): Laravel\\Lumen\\Application->run()
#15 {main}
"} 
[2021-03-22 04:10:07] local.ERROR: symlink(): File exists {"exception":"[object] (ErrorException(code: 0): symlink(): File exists at /home/fauzil/Lumen/LumenCRUD/vendor/illuminate/filesystem/Filesystem.php:315)
[stacktrace]
#0 [internal function]: Laravel\\Lumen\\Application->Laravel\\Lumen\\Concerns\\{closure}()
#1 /home/fauzil/Lumen/LumenCRUD/vendor/illuminate/filesystem/Filesystem.php(315): symlink()
#2 /home/fauzil/Lumen/LumenCRUD/routes/web.php(26): Illuminate\\Filesystem\\Filesystem->link()
#3 /home/fauzil/Lumen/LumenCRUD/vendor/illuminate/container/BoundMethod.php(36): Closure->{closure}()
#4 /home/fauzil/Lumen/LumenCRUD/vendor/illuminate/container/Util.php(40): Illuminate\\Container\\BoundMethod::Illuminate\\Container\\{closure}()
#5 /home/fauzil/Lumen/LumenCRUD/vendor/illuminate/container/BoundMethod.php(81): Illuminate\\Container\\Util::unwrapIfClosure()
#6 /home/fauzil/Lumen/LumenCRUD/vendor/illuminate/container/BoundMethod.php(37): Illuminate\\Container\\BoundMethod::callBoundMethod()
#7 /home/fauzil/Lumen/LumenCRUD/vendor/illuminate/container/Container.php(611): Illuminate\\Container\\BoundMethod::call()
#8 /home/fauzil/Lumen/LumenCRUD/vendor/laravel/lumen-framework/src/Concerns/RoutesRequests.php(299): Illuminate\\Container\\Container->call()
#9 /home/fauzil/Lumen/LumenCRUD/vendor/laravel/lumen-framework/src/Concerns/RoutesRequests.php(264): Laravel\\Lumen\\Application->callActionOnArrayBasedRoute()
#10 /home/fauzil/Lumen/LumenCRUD/vendor/laravel/lumen-framework/src/Concerns/RoutesRequests.php(166): Laravel\\Lumen\\Application->handleFoundRoute()
#11 /home/fauzil/Lumen/LumenCRUD/vendor/laravel/lumen-framework/src/Concerns/RoutesRequests.php(426): Laravel\\Lumen\\Application->Laravel\\Lumen\\Concerns\\{closure}()
#12 /home/fauzil/Lumen/LumenCRUD/vendor/laravel/lumen-framework/src/Concerns/RoutesRequests.php(172): Laravel\\Lumen\\Application->sendThroughPipeline()
#13 /home/fauzil/Lumen/LumenCRUD/vendor/laravel/lumen-framework/src/Concerns/RoutesRequests.php(109): Laravel\\Lumen\\Application->dispatch()
#14 /home/fauzil/Lumen/LumenCRUD/public/index.php(28): Laravel\\Lumen\\Application->run()
#15 {main}
"} 
[2021-03-22 04:10:09] local.ERROR: symlink(): File exists {"exception":"[object] (ErrorException(code: 0): symlink(): File exists at /home/fauzil/Lumen/LumenCRUD/vendor/illuminate/filesystem/Filesystem.php:315)
[stacktrace]
#0 [internal function]: Laravel\\Lumen\\Application->Laravel\\Lumen\\Concerns\\{closure}()
#1 /home/fauzil/Lumen/LumenCRUD/vendor/illuminate/filesystem/Filesystem.php(315): symlink()
#2 /home/fauzil/Lumen/LumenCRUD/routes/web.php(26): Illuminate\\Filesystem\\Filesystem->link()
#3 /home/fauzil/Lumen/LumenCRUD/vendor/illuminate/container/BoundMethod.php(36): Closure->{closure}()
#4 /home/fauzil/Lumen/LumenCRUD/vendor/illuminate/container/Util.php(40): Illuminate\\Container\\BoundMethod::Illuminate\\Container\\{closure}()
#5 /home/fauzil/Lumen/LumenCRUD/vendor/illuminate/container/BoundMethod.php(81): Illuminate\\Container\\Util::unwrapIfClosure()
#6 /home/fauzil/Lumen/LumenCRUD/vendor/illuminate/container/BoundMethod.php(37): Illuminate\\Container\\BoundMethod::callBoundMethod()
#7 /home/fauzil/Lumen/LumenCRUD/vendor/illuminate/container/Container.php(611): Illuminate\\Container\\BoundMethod::call()
#8 /home/fauzil/Lumen/LumenCRUD/vendor/laravel/lumen-framework/src/Concerns/RoutesRequests.php(299): Illuminate\\Container\\Container->call()
#9 /home/fauzil/Lumen/LumenCRUD/vendor/laravel/lumen-framework/src/Concerns/RoutesRequests.php(264): Laravel\\Lumen\\Application->callActionOnArrayBasedRoute()
#10 /home/fauzil/Lumen/LumenCRUD/vendor/laravel/lumen-framework/src/Concerns/RoutesRequests.php(166): Laravel\\Lumen\\Application->handleFoundRoute()
#11 /home/fauzil/Lumen/LumenCRUD/vendor/laravel/lumen-framework/src/Concerns/RoutesRequests.php(426): Laravel\\Lumen\\Application->Laravel\\Lumen\\Concerns\\{closure}()
#12 /home/fauzil/Lumen/LumenCRUD/vendor/laravel/lumen-framework/src/Concerns/RoutesRequests.php(172): Laravel\\Lumen\\Application->sendThroughPipeline()
#13 /home/fauzil/Lumen/LumenCRUD/vendor/laravel/lumen-framework/src/Concerns/RoutesRequests.php(109): Laravel\\Lumen\\Application->dispatch()
#14 /home/fauzil/Lumen/LumenCRUD/public/index.php(28): Laravel\\Lumen\\Application->run()
#15 {main}
"} 
[2021-03-22 04:17:05] local.ERROR: require(/home/fauzil/Lumen/LumenCRUD/bootstrap/../routes/web.php): failed to open stream: No such file or directory {"exception":"[object] (ErrorException(code: 0): require(/home/fauzil/Lumen/LumenCRUD/bootstrap/../routes/web.php): failed to open stream: No such file or directory at /home/fauzil/Lumen/LumenCRUD/bootstrap/app.php:113)
[stacktrace]
#0 /home/fauzil/Lumen/LumenCRUD/bootstrap/app.php(113): Laravel\\Lumen\\Application->Laravel\\Lumen\\Concerns\\{closure}()
#1 /home/fauzil/Lumen/LumenCRUD/bootstrap/app.php(113): require()
#2 /home/fauzil/Lumen/LumenCRUD/vendor/laravel/lumen-framework/src/Routing/Router.php(62): {closure}()
#3 /home/fauzil/Lumen/LumenCRUD/bootstrap/app.php(114): Laravel\\Lumen\\Routing\\Router->group()
#4 /home/fauzil/Lumen/LumenCRUD/public/index.php(14): require('/home/fauzil/Lu...')
#5 {main}
"} 
[2021-03-22 04:24:33] local.ERROR: Disk [1616387073.No_Image_Available.jpg] does not have a configured driver. {"exception":"[object] (InvalidArgumentException(code: 0): Disk [1616387073.No_Image_Available.jpg] does not have a configured driver. at /home/fauzil/Lumen/LumenCRUD/vendor/illuminate/filesystem/FilesystemManager.php:117)
[stacktrace]
#0 /home/fauzil/Lumen/LumenCRUD/vendor/illuminate/filesystem/FilesystemManager.php(101): Illuminate\\Filesystem\\FilesystemManager->resolve()
#1 /home/fauzil/Lumen/LumenCRUD/vendor/illuminate/filesystem/FilesystemManager.php(78): Illuminate\\Filesystem\\FilesystemManager->get()
#2 /home/fauzil/Lumen/LumenCRUD/vendor/illuminate/http/UploadedFile.php(86): Illuminate\\Filesystem\\FilesystemManager->disk()
#3 /home/fauzil/Lumen/LumenCRUD/vendor/illuminate/http/UploadedFile.php(36): Illuminate\\Http\\UploadedFile->storeAs()
#4 /home/fauzil/Lumen/LumenCRUD/app/Http/Controllers/ProductController.php(60): Illuminate\\Http\\UploadedFile->store()
#5 /home/fauzil/Lumen/LumenCRUD/vendor/illuminate/container/BoundMethod.php(36): App\\Http\\Controllers\\ProductController->create()
#6 /home/fauzil/Lumen/LumenCRUD/vendor/illuminate/container/Util.php(40): Illuminate\\Container\\BoundMethod::Illuminate\\Container\\{closure}()
#7 /home/fauzil/Lumen/LumenCRUD/vendor/illuminate/container/BoundMethod.php(93): Illuminate\\Container\\Util::unwrapIfClosure()
#8 /home/fauzil/Lumen/LumenCRUD/vendor/illuminate/container/BoundMethod.php(37): Illuminate\\Container\\BoundMethod::callBoundMethod()
#9 /home/fauzil/Lumen/LumenCRUD/vendor/illuminate/container/Container.php(611): Illuminate\\Container\\BoundMethod::call()
#10 /home/fauzil/Lumen/LumenCRUD/vendor/laravel/lumen-framework/src/Concerns/RoutesRequests.php(386): Illuminate\\Container\\Container->call()
#11 /home/fauzil/Lumen/LumenCRUD/vendor/laravel/lumen-framework/src/Concerns/RoutesRequests.php(352): Laravel\\Lumen\\Application->callControllerCallable()
#12 /home/fauzil/Lumen/LumenCRUD/vendor/laravel/lumen-framework/src/Concerns/RoutesRequests.php(326): Laravel\\Lumen\\Application->callLumenController()
#13 /home/fauzil/Lumen/LumenCRUD/vendor/laravel/lumen-framework/src/Concerns/RoutesRequests.php(279): Laravel\\Lumen\\Application->callControllerAction()
#14 /home/fauzil/Lumen/LumenCRUD/vendor/laravel/lumen-framework/src/Concerns/RoutesRequests.php(259): Laravel\\Lumen\\Application->callActionOnArrayBasedRoute()
#15 /home/fauzil/Lumen/LumenCRUD/vendor/laravel/lumen-framework/src/Routing/Pipeline.php(48): Laravel\\Lumen\\Application->Laravel\\Lumen\\Concerns\\{closure}()
#16 /home/fauzil/Lumen/LumenCRUD/vendor/tymon/jwt-auth/src/Http/Middleware/Authenticate.php(32): Laravel\\Lumen\\Routing\\Pipeline->Laravel\\Lumen\\Routing\\{closure}()
#17 /home/fauzil/Lumen/LumenCRUD/vendor/illuminate/pipeline/Pipeline.php(167): Tymon\\JWTAuth\\Http\\Middleware\\Authenticate->handle()
#18 /home/fauzil/Lumen/LumenCRUD/vendor/laravel/lumen-framework/src/Routing/Pipeline.php(30): Illuminate\\Pipeline\\Pipeline->Illuminate\\Pipeline\\{closure}()
#19 /home/fauzil/Lumen/LumenCRUD/vendor/illuminate/pipeline/Pipeline.php(103): Laravel\\Lumen\\Routing\\Pipeline->Laravel\\Lumen\\Routing\\{closure}()
#20 /home/fauzil/Lumen/LumenCRUD/vendor/laravel/lumen-framework/src/Concerns/RoutesRequests.php(423): Illuminate\\Pipeline\\Pipeline->then()
#21 /home/fauzil/Lumen/LumenCRUD/vendor/laravel/lumen-framework/src/Concerns/RoutesRequests.php(260): Laravel\\Lumen\\Application->sendThroughPipeline()
#22 /home/fauzil/Lumen/LumenCRUD/vendor/laravel/lumen-framework/src/Concerns/RoutesRequests.php(166): Laravel\\Lumen\\Application->handleFoundRoute()
#23 /home/fauzil/Lumen/LumenCRUD/vendor/laravel/lumen-framework/src/Concerns/RoutesRequests.php(426): Laravel\\Lumen\\Application->Laravel\\Lumen\\Concerns\\{closure}()
#24 /home/fauzil/Lumen/LumenCRUD/vendor/laravel/lumen-framework/src/Concerns/RoutesRequests.php(172): Laravel\\Lumen\\Application->sendThroughPipeline()
#25 /home/fauzil/Lumen/LumenCRUD/vendor/laravel/lumen-framework/src/Concerns/RoutesRequests.php(109): Laravel\\Lumen\\Application->dispatch()
#26 /home/fauzil/Lumen/LumenCRUD/public/index.php(28): Laravel\\Lumen\\Application->run()
#27 {main}
"} 
