[2021-03-23 02:35:26] local.ERROR: syntax error, unexpected '$filename' (T_VARIABLE) {"exception":"[object] (ParseError(code: 0): syntax error, unexpected '$filename' (T_VARIABLE) at /home/fauzil/Lumen/LumenCRUD/app/Http/Controllers/ProductController.php:100)
[stacktrace]
#0 /home/fauzil/Lumen/LumenCRUD/vendor/composer/ClassLoader.php(322): Composer\\Autoload\\includeFile()
#1 [internal function]: Composer\\Autoload\\ClassLoader->loadClass()
#2 [internal function]: spl_autoload_call()
#3 /home/fauzil/Lumen/LumenCRUD/vendor/illuminate/container/Container.php(833): ReflectionClass->__construct()
#4 /home/fauzil/Lumen/LumenCRUD/vendor/illuminate/container/Container.php(714): Illuminate\\Container\\Container->build()
#5 /home/fauzil/Lumen/LumenCRUD/vendor/illuminate/container/Container.php(652): Illuminate\\Container\\Container->resolve()
#6 /home/fauzil/Lumen/LumenCRUD/vendor/laravel/lumen-framework/src/Application.php(300): Illuminate\\Container\\Container->make()
#7 /home/fauzil/Lumen/LumenCRUD/vendor/laravel/lumen-framework/src/Concerns/RoutesRequests.php(321): Laravel\\Lumen\\Application->make()
#8 /home/fauzil/Lumen/LumenCRUD/vendor/laravel/lumen-framework/src/Concerns/RoutesRequests.php(279): Laravel\\Lumen\\Application->callControllerAction()
#9 /home/fauzil/Lumen/LumenCRUD/vendor/laravel/lumen-framework/src/Concerns/RoutesRequests.php(259): Laravel\\Lumen\\Application->callActionOnArrayBasedRoute()
#10 /home/fauzil/Lumen/LumenCRUD/vendor/laravel/lumen-framework/src/Routing/Pipeline.php(48): Laravel\\Lumen\\Application->Laravel\\Lumen\\Concerns\\{closure}()
#11 /home/fauzil/Lumen/LumenCRUD/vendor/tymon/jwt-auth/src/Http/Middleware/Authenticate.php(32): Laravel\\Lumen\\Routing\\Pipeline->Laravel\\Lumen\\Routing\\{closure}()
#12 /home/fauzil/Lumen/LumenCRUD/vendor/illuminate/pipeline/Pipeline.php(167): Tymon\\JWTAuth\\Http\\Middleware\\Authenticate->handle()
#13 /home/fauzil/Lumen/LumenCRUD/vendor/laravel/lumen-framework/src/Routing/Pipeline.php(30): Illuminate\\Pipeline\\Pipeline->Illuminate\\Pipeline\\{closure}()
#14 /home/fauzil/Lumen/LumenCRUD/vendor/illuminate/pipeline/Pipeline.php(103): Laravel\\Lumen\\Routing\\Pipeline->Laravel\\Lumen\\Routing\\{closure}()
#15 /home/fauzil/Lumen/LumenCRUD/vendor/laravel/lumen-framework/src/Concerns/RoutesRequests.php(423): Illuminate\\Pipeline\\Pipeline->then()
#16 /home/fauzil/Lumen/LumenCRUD/vendor/laravel/lumen-framework/src/Concerns/RoutesRequests.php(260): Laravel\\Lumen\\Application->sendThroughPipeline()
#17 /home/fauzil/Lumen/LumenCRUD/vendor/laravel/lumen-framework/src/Concerns/RoutesRequests.php(234): Laravel\\Lumen\\Application->handleFoundRoute()
#18 /home/fauzil/Lumen/LumenCRUD/vendor/laravel/lumen-framework/src/Concerns/RoutesRequests.php(170): Laravel\\Lumen\\Application->handleDispatcherResponse()
#19 /home/fauzil/Lumen/LumenCRUD/vendor/laravel/lumen-framework/src/Concerns/RoutesRequests.php(426): Laravel\\Lumen\\Application->Laravel\\Lumen\\Concerns\\{closure}()
#20 /home/fauzil/Lumen/LumenCRUD/vendor/laravel/lumen-framework/src/Concerns/RoutesRequests.php(172): Laravel\\Lumen\\Application->sendThroughPipeline()
#21 /home/fauzil/Lumen/LumenCRUD/vendor/laravel/lumen-framework/src/Concerns/RoutesRequests.php(109): Laravel\\Lumen\\Application->dispatch()
#22 /home/fauzil/Lumen/LumenCRUD/public/index.php(28): Laravel\\Lumen\\Application->run()
#23 {main}
"} 
